[1.082s] Invoking command in '/home/dhruv-bansal/Documents/ros_arm/build/arm_teleop': DEBUGINFOD_URLS=https://debuginfod.ubuntu.com PYTHONPATH=/home/dhruv-bansal/Documents/ros_arm/build/arm_teleop/prefix_override:/usr/lib/python3/dist-packages/colcon_core/task/python/colcon_distutils_commands:/home/dhruv-bansal/Documents/ros_arm/install/arm_teleop/lib/python3.12/site-packages:${PYTHONPATH} /usr/bin/python3 -W ignore:setup.py install is deprecated -W ignore:easy_install command is deprecated setup.py develop --editable --build-directory /home/dhruv-bansal/Documents/ros_arm/build/arm_teleop/build --no-deps symlink_data
[1.486s] running develop
[1.999s] running egg_info
[2.000s] creating arm_teleop.egg-info
[2.023s] writing arm_teleop.egg-info/PKG-INFO
[2.024s] writing dependency_links to arm_teleop.egg-info/dependency_links.txt
[2.024s] writing entry points to arm_teleop.egg-info/entry_points.txt
[2.024s] writing requirements to arm_teleop.egg-info/requires.txt
[2.024s] writing top-level names to arm_teleop.egg-info/top_level.txt
[2.025s] writing manifest file 'arm_teleop.egg-info/SOURCES.txt'
[2.069s] reading manifest file 'arm_teleop.egg-info/SOURCES.txt'
[2.070s] writing manifest file 'arm_teleop.egg-info/SOURCES.txt'
[2.093s] running build_ext
[2.094s] Creating /home/dhruv-bansal/Documents/ros_arm/install/arm_teleop/lib/python3.12/site-packages/arm-teleop.egg-link (link to .)
[2.095s] Installing arm_teleop_keyboard script to /home/dhruv-bansal/Documents/ros_arm/install/arm_teleop/lib/arm_teleop
[2.095s] 
[2.095s] Installed /home/dhruv-bansal/Documents/ros_arm/build/arm_teleop
[2.096s] running symlink_data
[2.096s] creating /home/dhruv-bansal/Documents/ros_arm/install/arm_teleop/share/ament_index
[2.096s] creating /home/dhruv-bansal/Documents/ros_arm/install/arm_teleop/share/ament_index/resource_index
[2.096s] creating /home/dhruv-bansal/Documents/ros_arm/install/arm_teleop/share/ament_index/resource_index/packages
[2.096s] symbolically linking /home/dhruv-bansal/Documents/ros_arm/build/arm_teleop/resource/arm_teleop -> /home/dhruv-bansal/Documents/ros_arm/install/arm_teleop/share/ament_index/resource_index/packages
[2.097s] symbolically linking /home/dhruv-bansal/Documents/ros_arm/build/arm_teleop/package.xml -> /home/dhruv-bansal/Documents/ros_arm/install/arm_teleop/share/arm_teleop
[2.097s] creating /home/dhruv-bansal/Documents/ros_arm/install/arm_teleop/share/arm_teleop/launch
[2.097s] symbolically linking /home/dhruv-bansal/Documents/ros_arm/build/arm_teleop/launch/arm_launch.py -> /home/dhruv-bansal/Documents/ros_arm/install/arm_teleop/share/arm_teleop/launch
[2.097s] symbolically linking /home/dhruv-bansal/Documents/ros_arm/build/arm_teleop/launch/display.launch.py -> /home/dhruv-bansal/Documents/ros_arm/install/arm_teleop/share/arm_teleop/launch
[2.097s] creating /home/dhruv-bansal/Documents/ros_arm/install/arm_teleop/share/arm_teleop/urdf
[2.098s] symbolically linking /home/dhruv-bansal/Documents/ros_arm/build/arm_teleop/urdf/simple_arm.urdf -> /home/dhruv-bansal/Documents/ros_arm/install/arm_teleop/share/arm_teleop/urdf
[2.180s] Invoked command in '/home/dhruv-bansal/Documents/ros_arm/build/arm_teleop' returned '0': DEBUGINFOD_URLS=https://debuginfod.ubuntu.com PYTHONPATH=/home/dhruv-bansal/Documents/ros_arm/build/arm_teleop/prefix_override:/usr/lib/python3/dist-packages/colcon_core/task/python/colcon_distutils_commands:/home/dhruv-bansal/Documents/ros_arm/install/arm_teleop/lib/python3.12/site-packages:${PYTHONPATH} /usr/bin/python3 -W ignore:setup.py install is deprecated -W ignore:easy_install command is deprecated setup.py develop --editable --build-directory /home/dhruv-bansal/Documents/ros_arm/build/arm_teleop/build --no-deps symlink_data
