[0.612s] Invoking command in '/home/doakes/arm_ws/src/arm_teleop': PYTHONPATH=/home/doakes/arm_ws/build/arm_teleop/prefix_override:/usr/lib/python3/dist-packages/colcon_core/task/python/colcon_distutils_commands:/home/doakes/arm_ws/install/arm_teleop/lib/python3.12/site-packages:${PYTHONPATH} /usr/bin/python3 -W ignore:setup.py install is deprecated -W ignore:easy_install command is deprecated setup.py egg_info --egg-base ../../build/arm_teleop build --build-base /home/doakes/arm_ws/build/arm_teleop/build install --record /home/doakes/arm_ws/build/arm_teleop/install.log --single-version-externally-managed install_data
[0.815s] running egg_info
[0.830s] writing ../../build/arm_teleop/arm_teleop.egg-info/PKG-INFO
[0.830s] writing dependency_links to ../../build/arm_teleop/arm_teleop.egg-info/dependency_links.txt
[0.830s] writing entry points to ../../build/arm_teleop/arm_teleop.egg-info/entry_points.txt
[0.830s] writing requirements to ../../build/arm_teleop/arm_teleop.egg-info/requires.txt
[0.831s] writing top-level names to ../../build/arm_teleop/arm_teleop.egg-info/top_level.txt
[0.862s] reading manifest file '../../build/arm_teleop/arm_teleop.egg-info/SOURCES.txt'
[0.862s] writing manifest file '../../build/arm_teleop/arm_teleop.egg-info/SOURCES.txt'
[0.863s] running build
[0.863s] running build_py
[0.863s] running install
[0.867s] running install_lib
[0.883s] running install_data
[0.883s] running install_egg_info
[0.899s] removing '/home/doakes/arm_ws/install/arm_teleop/lib/python3.12/site-packages/arm_teleop-0.0.0-py3.12.egg-info' (and everything under it)
[0.899s] Copying ../../build/arm_teleop/arm_teleop.egg-info to /home/doakes/arm_ws/install/arm_teleop/lib/python3.12/site-packages/arm_teleop-0.0.0-py3.12.egg-info
[0.900s] running install_scripts
[1.004s] Installing arm_teleop_keyboard script to /home/doakes/arm_ws/install/arm_teleop/lib/arm_teleop
[1.004s] writing list of installed files to '/home/doakes/arm_ws/build/arm_teleop/install.log'
[1.030s] Invoked command in '/home/doakes/arm_ws/src/arm_teleop' returned '0': PYTHONPATH=/home/doakes/arm_ws/build/arm_teleop/prefix_override:/usr/lib/python3/dist-packages/colcon_core/task/python/colcon_distutils_commands:/home/doakes/arm_ws/install/arm_teleop/lib/python3.12/site-packages:${PYTHONPATH} /usr/bin/python3 -W ignore:setup.py install is deprecated -W ignore:easy_install command is deprecated setup.py egg_info --egg-base ../../build/arm_teleop build --build-base /home/doakes/arm_ws/build/arm_teleop/build install --record /home/doakes/arm_ws/build/arm_teleop/install.log --single-version-externally-managed install_data
