running egg_info
creating ../../build/arm_teleop/arm_teleop.egg-info
writing ../../build/arm_teleop/arm_teleop.egg-info/PKG-INFO
writing dependency_links to ../../build/arm_teleop/arm_teleop.egg-info/dependency_links.txt
writing entry points to ../../build/arm_teleop/arm_teleop.egg-info/entry_points.txt
writing requirements to ../../build/arm_teleop/arm_teleop.egg-info/requires.txt
writing top-level names to ../../build/arm_teleop/arm_teleop.egg-info/top_level.txt
writing manifest file '../../build/arm_teleop/arm_teleop.egg-info/SOURCES.txt'
reading manifest file '../../build/arm_teleop/arm_teleop.egg-info/SOURCES.txt'
writing manifest file '../../build/arm_teleop/arm_teleop.egg-info/SOURCES.txt'
running build
running build_py
creating /home/doakes/arm_ws/build/arm_teleop/build
creating /home/doakes/arm_ws/build/arm_teleop/build/lib
creating /home/doakes/arm_ws/build/arm_teleop/build/lib/arm_teleop
copying arm_teleop/arm_teleop_keyboard.py -> /home/doakes/arm_ws/build/arm_teleop/build/lib/arm_teleop
copying arm_teleop/__init__.py -> /home/doakes/arm_ws/build/arm_teleop/build/lib/arm_teleop
running install
running install_lib
creating /home/doakes/arm_ws/install/arm_teleop/lib/python3.12/site-packages/arm_teleop
copying /home/doakes/arm_ws/build/arm_teleop/build/lib/arm_teleop/arm_teleop_keyboard.py -> /home/doakes/arm_ws/install/arm_teleop/lib/python3.12/site-packages/arm_teleop
copying /home/doakes/arm_ws/build/arm_teleop/build/lib/arm_teleop/__init__.py -> /home/doakes/arm_ws/install/arm_teleop/lib/python3.12/site-packages/arm_teleop
byte-compiling /home/doakes/arm_ws/install/arm_teleop/lib/python3.12/site-packages/arm_teleop/arm_teleop_keyboard.py to arm_teleop_keyboard.cpython-312.pyc
byte-compiling /home/doakes/arm_ws/install/arm_teleop/lib/python3.12/site-packages/arm_teleop/__init__.py to __init__.cpython-312.pyc
running install_data
creating /home/doakes/arm_ws/install/arm_teleop/share/ament_index
creating /home/doakes/arm_ws/install/arm_teleop/share/ament_index/resource_index
creating /home/doakes/arm_ws/install/arm_teleop/share/ament_index/resource_index/packages
copying resource/arm_teleop -> /home/doakes/arm_ws/install/arm_teleop/share/ament_index/resource_index/packages
copying package.xml -> /home/doakes/arm_ws/install/arm_teleop/share/arm_teleop
creating /home/doakes/arm_ws/install/arm_teleop/share/arm_teleop/launch
copying launch/arm_launch.py -> /home/doakes/arm_ws/install/arm_teleop/share/arm_teleop/launch
creating /home/doakes/arm_ws/install/arm_teleop/share/arm_teleop/urdf
copying urdf/simple_arm.urdf -> /home/doakes/arm_ws/install/arm_teleop/share/arm_teleop/urdf
running install_egg_info
Copying ../../build/arm_teleop/arm_teleop.egg-info to /home/doakes/arm_ws/install/arm_teleop/lib/python3.12/site-packages/arm_teleop-0.0.0-py3.12.egg-info
running install_scripts
Installing arm_teleop_keyboard script to /home/doakes/arm_ws/install/arm_teleop/lib/arm_teleop
writing list of installed files to '/home/doakes/arm_ws/build/arm_teleop/install.log'
