[0.617s] Invoking command in '/home/doakes/arm_ws/src/arm_teleop': PYTHONPATH=/home/doakes/arm_ws/build/arm_teleop/prefix_override:/usr/lib/python3/dist-packages/colcon_core/task/python/colcon_distutils_commands:/home/doakes/arm_ws/install/arm_teleop/lib/python3.12/site-packages:${PYTHONPATH} /usr/bin/python3 -W ignore:setup.py install is deprecated -W ignore:easy_install command is deprecated setup.py egg_info --egg-base ../../build/arm_teleop build --build-base /home/doakes/arm_ws/build/arm_teleop/build install --record /home/doakes/arm_ws/build/arm_teleop/install.log --single-version-externally-managed install_data
[0.822s] running egg_info
[0.822s] creating ../../build/arm_teleop/arm_teleop.egg-info
[0.837s] writing ../../build/arm_teleop/arm_teleop.egg-info/PKG-INFO
[0.837s] writing dependency_links to ../../build/arm_teleop/arm_teleop.egg-info/dependency_links.txt
[0.837s] writing entry points to ../../build/arm_teleop/arm_teleop.egg-info/entry_points.txt
[0.837s] writing requirements to ../../build/arm_teleop/arm_teleop.egg-info/requires.txt
[0.837s] writing top-level names to ../../build/arm_teleop/arm_teleop.egg-info/top_level.txt
[0.837s] writing manifest file '../../build/arm_teleop/arm_teleop.egg-info/SOURCES.txt'
[0.869s] reading manifest file '../../build/arm_teleop/arm_teleop.egg-info/SOURCES.txt'
[0.869s] writing manifest file '../../build/arm_teleop/arm_teleop.egg-info/SOURCES.txt'
[0.869s] running build
[0.870s] running build_py
[0.870s] creating /home/doakes/arm_ws/build/arm_teleop/build
[0.870s] creating /home/doakes/arm_ws/build/arm_teleop/build/lib
[0.870s] creating /home/doakes/arm_ws/build/arm_teleop/build/lib/arm_teleop
[0.870s] copying arm_teleop/arm_teleop_keyboard.py -> /home/doakes/arm_ws/build/arm_teleop/build/lib/arm_teleop
[0.870s] copying arm_teleop/__init__.py -> /home/doakes/arm_ws/build/arm_teleop/build/lib/arm_teleop
[0.870s] running install
[0.875s] running install_lib
[0.890s] creating /home/doakes/arm_ws/install/arm_teleop/lib/python3.12/site-packages/arm_teleop
[0.890s] copying /home/doakes/arm_ws/build/arm_teleop/build/lib/arm_teleop/arm_teleop_keyboard.py -> /home/doakes/arm_ws/install/arm_teleop/lib/python3.12/site-packages/arm_teleop
[0.890s] copying /home/doakes/arm_ws/build/arm_teleop/build/lib/arm_teleop/__init__.py -> /home/doakes/arm_ws/install/arm_teleop/lib/python3.12/site-packages/arm_teleop
[0.891s] byte-compiling /home/doakes/arm_ws/install/arm_teleop/lib/python3.12/site-packages/arm_teleop/arm_teleop_keyboard.py to arm_teleop_keyboard.cpython-312.pyc
[0.892s] byte-compiling /home/doakes/arm_ws/install/arm_teleop/lib/python3.12/site-packages/arm_teleop/__init__.py to __init__.cpython-312.pyc
[0.892s] running install_data
[0.892s] creating /home/doakes/arm_ws/install/arm_teleop/share/ament_index
[0.892s] creating /home/doakes/arm_ws/install/arm_teleop/share/ament_index/resource_index
[0.892s] creating /home/doakes/arm_ws/install/arm_teleop/share/ament_index/resource_index/packages
[0.892s] copying resource/arm_teleop -> /home/doakes/arm_ws/install/arm_teleop/share/ament_index/resource_index/packages
[0.892s] copying package.xml -> /home/doakes/arm_ws/install/arm_teleop/share/arm_teleop
[0.892s] creating /home/doakes/arm_ws/install/arm_teleop/share/arm_teleop/launch
[0.892s] copying launch/arm_launch.py -> /home/doakes/arm_ws/install/arm_teleop/share/arm_teleop/launch
[0.892s] creating /home/doakes/arm_ws/install/arm_teleop/share/arm_teleop/urdf
[0.892s] copying urdf/simple_arm.urdf -> /home/doakes/arm_ws/install/arm_teleop/share/arm_teleop/urdf
[0.892s] running install_egg_info
[0.909s] Copying ../../build/arm_teleop/arm_teleop.egg-info to /home/doakes/arm_ws/install/arm_teleop/lib/python3.12/site-packages/arm_teleop-0.0.0-py3.12.egg-info
[0.910s] running install_scripts
[1.015s] Installing arm_teleop_keyboard script to /home/doakes/arm_ws/install/arm_teleop/lib/arm_teleop
[1.015s] writing list of installed files to '/home/doakes/arm_ws/build/arm_teleop/install.log'
[1.037s] Invoked command in '/home/doakes/arm_ws/src/arm_teleop' returned '0': PYTHONPATH=/home/doakes/arm_ws/build/arm_teleop/prefix_override:/usr/lib/python3/dist-packages/colcon_core/task/python/colcon_distutils_commands:/home/doakes/arm_ws/install/arm_teleop/lib/python3.12/site-packages:${PYTHONPATH} /usr/bin/python3 -W ignore:setup.py install is deprecated -W ignore:easy_install command is deprecated setup.py egg_info --egg-base ../../build/arm_teleop build --build-base /home/doakes/arm_ws/build/arm_teleop/build install --record /home/doakes/arm_ws/build/arm_teleop/install.log --single-version-externally-managed install_data
