[0.993s] Invoking command in '/home/dhruv-bansal/Documents/ros_arm/build/arm_teleop': DEBUGINFOD_URLS=https://debuginfod.ubuntu.com PYTHONPATH=/home/dhruv-bansal/Documents/ros_arm/build/arm_teleop/prefix_override:/usr/lib/python3/dist-packages/colcon_core/task/python/colcon_distutils_commands:/home/dhruv-bansal/Documents/ros_arm/install/arm_teleop/lib/python3.12/site-packages:${PYTHONPATH} /usr/bin/python3 -W ignore:setup.py install is deprecated -W ignore:easy_install command is deprecated setup.py develop --editable --build-directory /home/dhruv-bansal/Documents/ros_arm/build/arm_teleop/build --no-deps symlink_data
[1.360s] running develop
[1.572s] running egg_info
[1.572s] creating arm_teleop.egg-info
[1.592s] writing arm_teleop.egg-info/PKG-INFO
[1.593s] writing dependency_links to arm_teleop.egg-info/dependency_links.txt
[1.593s] writing entry points to arm_teleop.egg-info/entry_points.txt
[1.593s] writing requirements to arm_teleop.egg-info/requires.txt
[1.593s] writing top-level names to arm_teleop.egg-info/top_level.txt
[1.593s] writing manifest file 'arm_teleop.egg-info/SOURCES.txt'
[1.636s] reading manifest file 'arm_teleop.egg-info/SOURCES.txt'
[1.637s] writing manifest file 'arm_teleop.egg-info/SOURCES.txt'
[1.659s] running build_ext
[1.659s] Creating /home/dhruv-bansal/Documents/ros_arm/install/arm_teleop/lib/python3.12/site-packages/arm-teleop.egg-link (link to .)
[1.660s] Installing arm_teleop_keyboard script to /home/dhruv-bansal/Documents/ros_arm/install/arm_teleop/lib/arm_teleop
[1.660s] 
[1.661s] Installed /home/dhruv-bansal/Documents/ros_arm/build/arm_teleop
[1.661s] running symlink_data
[1.661s] creating /home/dhruv-bansal/Documents/ros_arm/install/arm_teleop/share/ament_index
[1.662s] creating /home/dhruv-bansal/Documents/ros_arm/install/arm_teleop/share/ament_index/resource_index
[1.662s] creating /home/dhruv-bansal/Documents/ros_arm/install/arm_teleop/share/ament_index/resource_index/packages
[1.662s] symbolically linking /home/dhruv-bansal/Documents/ros_arm/build/arm_teleop/resource/arm_teleop -> /home/dhruv-bansal/Documents/ros_arm/install/arm_teleop/share/ament_index/resource_index/packages
[1.662s] symbolically linking /home/dhruv-bansal/Documents/ros_arm/build/arm_teleop/package.xml -> /home/dhruv-bansal/Documents/ros_arm/install/arm_teleop/share/arm_teleop
[1.662s] creating /home/dhruv-bansal/Documents/ros_arm/install/arm_teleop/share/arm_teleop/launch
[1.662s] symbolically linking /home/dhruv-bansal/Documents/ros_arm/build/arm_teleop/launch/arm_launch.py -> /home/dhruv-bansal/Documents/ros_arm/install/arm_teleop/share/arm_teleop/launch
[1.662s] creating /home/dhruv-bansal/Documents/ros_arm/install/arm_teleop/share/arm_teleop/urdf
[1.663s] symbolically linking /home/dhruv-bansal/Documents/ros_arm/build/arm_teleop/urdf/simple_arm.urdf -> /home/dhruv-bansal/Documents/ros_arm/install/arm_teleop/share/arm_teleop/urdf
[1.724s] Invoked command in '/home/dhruv-bansal/Documents/ros_arm/build/arm_teleop' returned '0': DEBUGINFOD_URLS=https://debuginfod.ubuntu.com PYTHONPATH=/home/dhruv-bansal/Documents/ros_arm/build/arm_teleop/prefix_override:/usr/lib/python3/dist-packages/colcon_core/task/python/colcon_distutils_commands:/home/dhruv-bansal/Documents/ros_arm/install/arm_teleop/lib/python3.12/site-packages:${PYTHONPATH} /usr/bin/python3 -W ignore:setup.py install is deprecated -W ignore:easy_install command is deprecated setup.py develop --editable --build-directory /home/dhruv-bansal/Documents/ros_arm/build/arm_teleop/build --no-deps symlink_data
