[0.000000] (-) TimerEvent: {}
[0.000156] (arm_teleop) JobQueued: {'identifier': 'arm_teleop', 'dependencies': OrderedDict()}
[0.000188] (arm_teleop) JobStarted: {'identifier': 'arm_teleop'}
[0.099458] (-) TimerEvent: {}
[0.199692] (-) TimerEvent: {}
[0.299911] (-) TimerEvent: {}
[0.400121] (-) TimerEvent: {}
[0.500350] (-) TimerEvent: {}
[0.600571] (-) TimerEvent: {}
[0.610289] (arm_teleop) Command: {'cmd': ['/usr/bin/python3', '-W', 'ignore:setup.py install is deprecated', '-W', 'ignore:easy_install command is deprecated', 'setup.py', 'egg_info', '--egg-base', '../../build/arm_teleop', 'build', '--build-base', '/home/doakes/arm_ws/build/arm_teleop/build', 'install', '--record', '/home/doakes/arm_ws/build/arm_teleop/install.log', '--single-version-externally-managed', 'install_data'], 'cwd': '/home/doakes/arm_ws/src/arm_teleop', 'env': {'_tide_location_color': '\x1b[38;2;95;215;0m', 'GZ_SIM_RESOURCE_PATH': '/opt/ros/jazzy/share', 'USER': 'doakes', 'GZ_CONFIG_PATH': '/opt/ros/jazzy/opt/gz_sim_vendor/share/gz:/opt/ros/jazzy/opt/sdformat_vendor/share/gz:/opt/ros/jazzy/opt/gz_gui_vendor/share/gz:/opt/ros/jazzy/opt/gz_transport_vendor/share/gz:/opt/ros/jazzy/opt/gz_rendering_vendor/share/gz:/opt/ros/jazzy/opt/gz_plugin_vendor/share/gz:/opt/ros/jazzy/opt/gz_fuel_tools_vendor/share/gz:/opt/ros/jazzy/opt/gz_msgs_vendor/share/gz:/opt/ros/jazzy/opt/gz_common_vendor/share/gz', 'XDG_SESSION_TYPE': 'wayland', 'LD_LIBRARY_PATH': '/opt/ros/jazzy/opt/gz_sim_vendor/lib:/opt/ros/jazzy/opt/gz_sensors_vendor/lib:/opt/ros/jazzy/opt/gz_physics_vendor/lib:/opt/ros/jazzy/opt/sdformat_vendor/lib:/opt/ros/jazzy/opt/rviz_ogre_vendor/lib:/opt/ros/jazzy/lib/x86_64-linux-gnu:/opt/ros/jazzy/opt/gz_gui_vendor/lib:/opt/ros/jazzy/opt/gz_transport_vendor/lib:/opt/ros/jazzy/opt/gz_rendering_vendor/lib:/opt/ros/jazzy/opt/gz_plugin_vendor/lib:/opt/ros/jazzy/opt/gz_fuel_tools_vendor/lib:/opt/ros/jazzy/opt/gz_msgs_vendor/lib:/opt/ros/jazzy/opt/gz_common_vendor/lib:/opt/ros/jazzy/opt/gz_math_vendor/lib:/opt/ros/jazzy/opt/gz_utils_vendor/lib:/opt/ros/jazzy/opt/gz_tools_vendor/lib:/opt/ros/jazzy/opt/gz_ogre_next_vendor/lib:/opt/ros/jazzy/opt/gz_dartsim_vendor/lib:/opt/ros/jazzy/opt/gz_cmake_vendor/lib:/opt/ros/jazzy/lib', 'SHLVL': '1', 'TERMINFO': '/usr/lib/kitty/terminfo', 'HOME': '/home/doakes', 'KITTY_INSTALLATION_DIR': '/usr/lib/kitty', 'DESKTOP_SESSION': 'ubuntu', 'ROS_PYTHON_VERSION': '3', 'GNOME_SHELL_SESSION_MODE': 'ubuntu', 'GTK_MODULES': 'gail:atk-bridge', 'KITTY_PID': '19819', 'MANAGERPID': '2829', 'SYSTEMD_EXEC_PID': '3276', 'GSM_SKIP_SSH_AGENT_WORKAROUND': 'true', 'DBUS_SESSION_BUS_ADDRESS': 'unix:path=/run/user/1000/bus', 'COLORTERM': 'truecolor', 'GIO_LAUNCHED_DESKTOP_FILE_PID': '19819', 'GNOME_KEYRING_CONTROL': '/run/user/1000/keyring', 'ROS_DISTRO': 'jazzy', 'WAYLAND_DISPLAY': 'wayland-0', 'LOGNAME': 'doakes', 'JOURNAL_STREAM': '9:23143', 'XDG_SESSION_CLASS': 'user', 'ROS_VERSION': '2', 'MEMORY_PRESSURE_WATCH': '/sys/fs/cgroup/user.slice/user-1000.slice/user@1000.service/session.slice/org.gnome.SettingsDaemon.MediaKeys.service/memory.pressure', 'TERM': 'xterm-kitty', 'KITTY_PUBLIC_KEY': '1:Bn4pDn(hExnvJW2v0SN^YodgHKuQ};gB9!h;Sxa(', 'USERNAME': 'doakes', 'GNOME_DESKTOP_SESSION_ID': 'this-is-deprecated', 'PATH': '/opt/ros/jazzy/opt/gz_msgs_vendor/bin:/opt/ros/jazzy/opt/gz_tools_vendor/bin:/opt/ros/jazzy/opt/gz_ogre_next_vendor/bin:/opt/ros/jazzy/bin:/home/doakes/flutter/bin:/usr/local/sbin:/usr/local/bin:/usr/sbin:/usr/bin:/sbin:/bin:/home/doakes/flutter/bin:/usr/local/sbin:/usr/local/bin:/usr/sbin:/usr/bin:/sbin:/bin:/home/doakes/.cargo/bin:/usr/local/sbin:/usr/local/bin:/usr/sbin:/usr/bin:/sbin:/bin:/usr/games:/usr/local/games:/snap/bin:/snap/bin:/home/doakes/Android/Sdk/cmdline-tools/latest/bin:/home/doakes/Android/Sdk/emulator:/home/doakes/Android/Sdk/platform-tools:/home/doakes/Android/Sdk/cmdline-tools/latest/bin:/home/doakes/Android/Sdk/emulator:/home/doakes/Android/Sdk/platform-tools', 'INVOCATION_ID': '6106ad46dbd24aa988f9b0cc29950ef5', 'SESSION_MANAGER': 'local/boot:@/tmp/.ICE-unix/3058,unix/boot:/tmp/.ICE-unix/3058', 'GNOME_SETUP_DISPLAY': ':1', 'XDG_MENU_PREFIX': 'gnome-', 'XDG_RUNTIME_DIR': '/run/user/1000', 'DISPLAY': ':0', 'XDG_CURRENT_DESKTOP': 'ubuntu:GNOME', 'LANG': 'en_US.UTF-8', 'XAUTHORITY': '/run/user/1000/.mutter-Xwaylandauth.AM5FF3', 'XMODIFIERS': '@im=ibus', 'XDG_SESSION_DESKTOP': 'ubuntu', 'SSH_AUTH_SOCK': '/run/user/1000/keyring/ssh', 'AMENT_PREFIX_PATH': '/opt/ros/jazzy', 'SHELL': '/usr/bin/fish', '_tide_color_separator_same_color': '\x1b[38;2;148;148;148m', 'QT_ACCESSIBILITY': '1', 'GDMSESSION': 'ubuntu', 'KITTY_WINDOW_ID': '1', 'QT_IM_MODULE': 'ibus', 'ROS_AUTOMATIC_DISCOVERY_RANGE': 'SUBNET', 'PWD': '/home/doakes/arm_ws/build/arm_teleop', 'LC_ALL': 'en_US.UTF-8', 'XDG_DATA_DIRS': '/usr/local/share/:/usr/share/:/var/lib/snapd/desktop', 'ANDROID_HOME': '/home/doakes/Android/Sdk', 'PYTHONPATH': '/home/doakes/arm_ws/build/arm_teleop/prefix_override:/usr/lib/python3/dist-packages/colcon_core/task/python/colcon_distutils_commands:/home/doakes/arm_ws/install/arm_teleop/lib/python3.12/site-packages:/opt/ros/jazzy/lib/python3.12/site-packages', 'COLCON': '1', 'MEMORY_PRESSURE_WRITE': 'c29tZSAyMDAwMDAgMjAwMDAwMAA=', 'CMAKE_PREFIX_PATH': '/opt/ros/jazzy/opt/gz_sim_vendor:/opt/ros/jazzy/opt/gz_sensors_vendor:/opt/ros/jazzy/opt/gz_physics_vendor:/opt/ros/jazzy/opt/sdformat_vendor:/opt/ros/jazzy/opt/gz_gui_vendor:/opt/ros/jazzy/opt/gz_transport_vendor:/opt/ros/jazzy/opt/gz_rendering_vendor:/opt/ros/jazzy/opt/gz_plugin_vendor:/opt/ros/jazzy/opt/gz_fuel_tools_vendor:/opt/ros/jazzy/opt/gz_msgs_vendor:/opt/ros/jazzy/opt/gz_common_vendor:/opt/ros/jazzy/opt/gz_math_vendor:/opt/ros/jazzy/opt/gz_utils_vendor:/opt/ros/jazzy/opt/gz_tools_vendor:/opt/ros/jazzy/opt/gz_ogre_next_vendor:/opt/ros/jazzy/opt/gz_dartsim_vendor:/opt/ros/jazzy/opt/gz_cmake_vendor'}, 'shell': False}
[0.700667] (-) TimerEvent: {}
[0.800889] (-) TimerEvent: {}
[0.814799] (arm_teleop) StdoutLine: {'line': b'running egg_info\n'}
[0.830139] (arm_teleop) StdoutLine: {'line': b'writing ../../build/arm_teleop/arm_teleop.egg-info/PKG-INFO\n'}
[0.830310] (arm_teleop) StdoutLine: {'line': b'writing dependency_links to ../../build/arm_teleop/arm_teleop.egg-info/dependency_links.txt\n'}
[0.830440] (arm_teleop) StdoutLine: {'line': b'writing entry points to ../../build/arm_teleop/arm_teleop.egg-info/entry_points.txt\n'}
[0.830538] (arm_teleop) StdoutLine: {'line': b'writing requirements to ../../build/arm_teleop/arm_teleop.egg-info/requires.txt\n'}
[0.830641] (arm_teleop) StdoutLine: {'line': b'writing top-level names to ../../build/arm_teleop/arm_teleop.egg-info/top_level.txt\n'}
[0.862062] (arm_teleop) StdoutLine: {'line': b"reading manifest file '../../build/arm_teleop/arm_teleop.egg-info/SOURCES.txt'\n"}
[0.862599] (arm_teleop) StdoutLine: {'line': b"writing manifest file '../../build/arm_teleop/arm_teleop.egg-info/SOURCES.txt'\n"}
[0.862789] (arm_teleop) StdoutLine: {'line': b'running build\n'}
[0.862906] (arm_teleop) StdoutLine: {'line': b'running build_py\n'}
[0.863034] (arm_teleop) StdoutLine: {'line': b'running install\n'}
[0.867468] (arm_teleop) StdoutLine: {'line': b'running install_lib\n'}
[0.882940] (arm_teleop) StdoutLine: {'line': b'running install_data\n'}
[0.883087] (arm_teleop) StdoutLine: {'line': b'running install_egg_info\n'}
[0.898804] (arm_teleop) StdoutLine: {'line': b"removing '/home/doakes/arm_ws/install/arm_teleop/lib/python3.12/site-packages/arm_teleop-0.0.0-py3.12.egg-info' (and everything under it)\n"}
[0.899021] (arm_teleop) StdoutLine: {'line': b'Copying ../../build/arm_teleop/arm_teleop.egg-info to /home/doakes/arm_ws/install/arm_teleop/lib/python3.12/site-packages/arm_teleop-0.0.0-py3.12.egg-info\n'}
[0.899750] (arm_teleop) StdoutLine: {'line': b'running install_scripts\n'}
[0.900949] (-) TimerEvent: {}
[1.001117] (-) TimerEvent: {}
[1.004196] (arm_teleop) StdoutLine: {'line': b'Installing arm_teleop_keyboard script to /home/doakes/arm_ws/install/arm_teleop/lib/arm_teleop\n'}
[1.004479] (arm_teleop) StdoutLine: {'line': b"writing list of installed files to '/home/doakes/arm_ws/build/arm_teleop/install.log'\n"}
[1.029646] (arm_teleop) CommandEnded: {'returncode': 0}
[1.036464] (arm_teleop) JobEnded: {'identifier': 'arm_teleop', 'rc': 0}
[1.037016] (-) EventReactorShutdown: {}
